2024-01-19T09:00:50.688+02:00  INFO 83671 --- [main] e.t.scd.serverapp.ServerappApplication   : Starting ServerappApplication using Java 17.0.9 with PID 83671 (/Users/tudorn/Documents/Facultate/An IV - Sem 1/SCD/Proiect/Final_sper/Server_final_sper/serverapp2/target/classes started by tudorn in /Users/tudorn/Documents/Facultate/An IV - Sem 1/SCD/Proiect/Final_sper/Server_final_sper/serverapp2)
2024-01-19T09:00:50.691+02:00  INFO 83671 --- [main] e.t.scd.serverapp.ServerappApplication   : No active profile set, falling back to 1 default profile: "default"
2024-01-19T09:00:51.043+02:00  INFO 83671 --- [main] .s.d.r.c.RepositoryConfigurationDelegate : Bootstrapping Spring Data JPA repositories in DEFAULT mode.
2024-01-19T09:00:51.074+02:00  INFO 83671 --- [main] .s.d.r.c.RepositoryConfigurationDelegate : Finished Spring Data repository scanning in 26 ms. Found 3 JPA repository interfaces.
2024-01-19T09:00:51.309+02:00  INFO 83671 --- [main] o.s.b.w.embedded.tomcat.TomcatWebServer  : Tomcat initialized with port(s): 8082 (http)
2024-01-19T09:00:51.314+02:00  INFO 83671 --- [main] o.apache.catalina.core.StandardService   : Starting service [Tomcat]
2024-01-19T09:00:51.314+02:00  INFO 83671 --- [main] o.apache.catalina.core.StandardEngine    : Starting Servlet engine: [Apache Tomcat/10.1.13]
2024-01-19T09:00:51.362+02:00  INFO 83671 --- [main] o.a.c.c.C.[Tomcat].[localhost].[/]       : Initializing Spring embedded WebApplicationContext
2024-01-19T09:00:51.363+02:00  INFO 83671 --- [main] w.s.c.ServletWebServerApplicationContext : Root WebApplicationContext: initialization completed in 653 ms
2024-01-19T09:00:51.429+02:00  INFO 83671 --- [main] o.hibernate.jpa.internal.util.LogHelper  : HHH000204: Processing PersistenceUnitInfo [name: default]
2024-01-19T09:00:51.462+02:00  INFO 83671 --- [main] org.hibernate.Version                    : HHH000412: Hibernate ORM core version 6.2.9.Final
2024-01-19T09:00:51.464+02:00  INFO 83671 --- [main] org.hibernate.cfg.Environment            : HHH000406: Using bytecode reflection optimizer
2024-01-19T09:00:51.528+02:00  INFO 83671 --- [main] o.h.b.i.BytecodeProviderInitiator        : HHH000021: Bytecode provider name : bytebuddy
2024-01-19T09:00:51.590+02:00  INFO 83671 --- [main] o.s.o.j.p.SpringPersistenceUnitInfo      : No LoadTimeWeaver setup: ignoring JPA class transformer
2024-01-19T09:00:51.599+02:00  INFO 83671 --- [main] com.zaxxer.hikari.HikariDataSource       : HikariPool-1 - Starting...
2024-01-19T09:00:51.793+02:00  INFO 83671 --- [main] com.zaxxer.hikari.pool.HikariPool        : HikariPool-1 - Added connection com.mysql.cj.jdbc.ConnectionImpl@1029cf9
2024-01-19T09:00:51.794+02:00  INFO 83671 --- [main] com.zaxxer.hikari.HikariDataSource       : HikariPool-1 - Start completed.
2024-01-19T09:00:51.820+02:00  WARN 83671 --- [main] org.hibernate.orm.deprecation            : HHH90000026: MySQL8Dialect has been deprecated; use org.hibernate.dialect.MySQLDialect instead
2024-01-19T09:00:51.924+02:00  INFO 83671 --- [main] o.h.b.i.BytecodeProviderInitiator        : HHH000021: Bytecode provider name : bytebuddy
2024-01-19T09:00:52.263+02:00  INFO 83671 --- [main] o.h.e.t.j.p.i.JtaPlatformInitiator       : HHH000490: Using JtaPlatform implementation: [org.hibernate.engine.transaction.jta.platform.internal.NoJtaPlatform]
2024-01-19T09:00:52.309+02:00  INFO 83671 --- [main] j.LocalContainerEntityManagerFactoryBean : Initialized JPA EntityManagerFactory for persistence unit 'default'
2024-01-19T09:00:52.436+02:00  INFO 83671 --- [main] o.s.d.j.r.query.QueryEnhancerFactory     : Hibernate is in classpath; If applicable, HQL parser will be used.
2024-01-19T09:00:52.556+02:00  WARN 83671 --- [main] JpaBaseConfiguration$JpaWebConfiguration : spring.jpa.open-in-view is enabled by default. Therefore, database queries may be performed during view rendering. Explicitly configure spring.jpa.open-in-view to disable this warning
2024-01-19T09:00:52.623+02:00  INFO 83671 --- [main] o.s.b.a.w.s.WelcomePageHandlerMapping    : Adding welcome page: class path resource [static/index.html]
2024-01-19T09:00:52.740+02:00  INFO 83671 --- [main] o.s.b.w.embedded.tomcat.TomcatWebServer  : Tomcat started on port(s): 8082 (http) with context path ''
2024-01-19T09:00:52.745+02:00  INFO 83671 --- [main] e.t.scd.serverapp.ServerappApplication   : Started ServerappApplication in 2.245 seconds (process running for 2.584)
2024-01-19T09:01:22.674+02:00  INFO 83671 --- [http-nio-8082-exec-1] o.a.c.c.C.[Tomcat].[localhost].[/]       : Initializing Spring DispatcherServlet 'dispatcherServlet'
2024-01-19T09:01:22.675+02:00  INFO 83671 --- [http-nio-8082-exec-1] o.s.web.servlet.DispatcherServlet        : Initializing Servlet 'dispatcherServlet'
2024-01-19T09:01:22.675+02:00  INFO 83671 --- [http-nio-8082-exec-1] o.s.web.servlet.DispatcherServlet        : Completed initialization in 0 ms
2024-01-19T09:01:39.512+02:00  INFO 83671 --- [http-nio-8082-exec-9] o.springdoc.api.AbstractOpenApiResource  : Init duration for springdoc-openapi is: 142 ms
2024-01-19T09:02:05.197+02:00  INFO 83671 --- [http-nio-8082-exec-10] e.t.s.s.position.PositionService         : Saved a new position for terminal with id 4882b2c1b92a5b4c
2024-01-19T09:09:10.168+02:00  INFO 83671 --- [http-nio-8082-exec-6] e.t.s.s.position.PositionService         : Saved a new position for terminal with id 4882b2c1b92a5b4c
2024-01-19T09:10:06.527+02:00  INFO 83671 --- [http-nio-8082-exec-7] e.t.s.s.position.PositionService         : Saved a new position for terminal with id 4882b2c1b92a5b4c
2024-01-19T09:11:20.231+02:00  INFO 83671 --- [http-nio-8082-exec-9] e.t.s.s.position.PositionService         : Saved a new position for terminal with id 4882b2c1b92a5b4c
2024-01-19T09:12:11.123+02:00  INFO 83671 --- [http-nio-8082-exec-3] e.t.s.s.position.PositionService         : Found 12 positions for: terminalId=4882b2c1b92a5b4c, startDate=Wed Jan 01 00:00:00 EET 2020, endDate=Wed Jan 01 00:00:00 EET 2025
2024-01-19T09:12:19.886+02:00  INFO 83671 --- [http-nio-8082-exec-7] e.t.s.s.position.PositionService         : Found 12 positions for: terminalId=4882b2c1b92a5b4c, startDate=Wed Jan 01 00:00:00 EET 2020, endDate=Wed Jan 01 00:00:00 EET 2025
2024-01-19T09:15:42.440+02:00  INFO 83671 --- [SpringApplicationShutdownHook] j.LocalContainerEntityManagerFactoryBean : Closing JPA EntityManagerFactory for persistence unit 'default'
2024-01-19T09:15:42.444+02:00  INFO 83671 --- [SpringApplicationShutdownHook] com.zaxxer.hikari.HikariDataSource       : HikariPool-1 - Shutdown initiated...
2024-01-19T09:15:42.451+02:00  INFO 83671 --- [SpringApplicationShutdownHook] com.zaxxer.hikari.HikariDataSource       : HikariPool-1 - Shutdown completed.
